{"/home/gabriel/Desktop/fast-food-cook-to-order/src/application/use-cases/cook-to-order/create-cook-to-order/create-cook-to-order.ts": {"path":"/home/gabriel/Desktop/fast-food-cook-to-order/src/application/use-cases/cook-to-order/create-cook-to-order/create-cook-to-order.ts","statementMap":{"0":{"start":{"line":14,"column":7},"end":{"line":51,"column":null}},"1":{"start":{"line":16,"column":47},"end":{"line":16,"column":null}},"2":{"start":{"line":17,"column":65},"end":{"line":17,"column":null}},"3":{"start":{"line":18,"column":65},"end":{"line":18,"column":null}},"4":{"start":{"line":22,"column":8},"end":{"line":49,"column":null}},"5":{"start":{"line":23,"column":12},"end":{"line":23,"column":null}},"6":{"start":{"line":25,"column":18},"end":{"line":25,"column":null}},"7":{"start":{"line":26,"column":32},"end":{"line":35,"column":null}},"8":{"start":{"line":28,"column":61},"end":{"line":31,"column":18}},"9":{"start":{"line":37,"column":31},"end":{"line":37,"column":null}},"10":{"start":{"line":38,"column":12},"end":{"line":38,"column":null}},"11":{"start":{"line":39,"column":12},"end":{"line":39,"column":null}},"12":{"start":{"line":41,"column":12},"end":{"line":44,"column":null}},"13":{"start":{"line":45,"column":12},"end":{"line":45,"column":null}},"14":{"start":{"line":47,"column":12},"end":{"line":47,"column":null}},"15":{"start":{"line":48,"column":12},"end":{"line":48,"column":null}},"16":{"start":{"line":14,"column":13},"end":{"line":14,"column":68}}},"fnMap":{"0":{"name":"(anonymous_0)","decl":{"start":{"line":15,"column":4},"end":{"line":15,"column":null}},"loc":{"start":{"line":19,"column":6},"end":{"line":19,"column":null}},"line":19},"1":{"name":"(anonymous_1)","decl":{"start":{"line":21,"column":10},"end":{"line":21,"column":18}},"loc":{"start":{"line":21,"column":68},"end":{"line":50,"column":null}},"line":21},"2":{"name":"(anonymous_2)","decl":{"start":{"line":28,"column":49},"end":{"line":28,"column":61}},"loc":{"start":{"line":28,"column":61},"end":{"line":31,"column":18}},"line":28}},"branchMap":{},"s":{"0":1,"1":1,"2":1,"3":1,"4":2,"5":2,"6":2,"7":2,"8":2,"9":2,"10":2,"11":1,"12":1,"13":1,"14":1,"15":1,"16":1},"f":{"0":1,"1":2,"2":2},"b":{},"meta":{"lastBranch":0,"lastFunction":3,"lastStatement":17,"seen":{"s:14:7:51:Infinity":0,"f:15:4:15:Infinity":0,"s:16:47:16:Infinity":1,"s:17:65:17:Infinity":2,"s:18:65:18:Infinity":3,"f:21:10:21:18":1,"s:22:8:49:Infinity":4,"s:23:12:23:Infinity":5,"s:25:18:25:Infinity":6,"s:26:32:35:Infinity":7,"f:28:49:28:61":2,"s:28:61:31:18":8,"s:37:31:37:Infinity":9,"s:38:12:38:Infinity":10,"s:39:12:39:Infinity":11,"s:41:12:44:Infinity":12,"s:45:12:45:Infinity":13,"s:47:12:47:Infinity":14,"s:48:12:48:Infinity":15,"s:14:13:14:68":16}}}
,"/home/gabriel/Desktop/fast-food-cook-to-order/src/application/use-cases/cook-to-order/list-cook-to-order/list-cook-to-order.ts": {"path":"/home/gabriel/Desktop/fast-food-cook-to-order/src/application/use-cases/cook-to-order/list-cook-to-order/list-cook-to-order.ts","statementMap":{"0":{"start":{"line":12,"column":7},"end":{"line":41,"column":null}},"1":{"start":{"line":14,"column":47},"end":{"line":14,"column":null}},"2":{"start":{"line":16,"column":25},"end":{"line":16,"column":null}},"3":{"start":{"line":18,"column":25},"end":{"line":18,"column":null}},"4":{"start":{"line":22,"column":8},"end":{"line":39,"column":null}},"5":{"start":{"line":23,"column":12},"end":{"line":23,"column":null}},"6":{"start":{"line":27,"column":12},"end":{"line":33,"column":null}},"7":{"start":{"line":28,"column":16},"end":{"line":28,"column":null}},"8":{"start":{"line":29,"column":16},"end":{"line":29,"column":null}},"9":{"start":{"line":31,"column":16},"end":{"line":31,"column":null}},"10":{"start":{"line":32,"column":16},"end":{"line":32,"column":null}},"11":{"start":{"line":35,"column":12},"end":{"line":35,"column":null}},"12":{"start":{"line":37,"column":12},"end":{"line":37,"column":null}},"13":{"start":{"line":38,"column":12},"end":{"line":38,"column":null}},"14":{"start":{"line":12,"column":13},"end":{"line":12,"column":64}}},"fnMap":{"0":{"name":"(anonymous_0)","decl":{"start":{"line":13,"column":4},"end":{"line":13,"column":null}},"loc":{"start":{"line":19,"column":6},"end":{"line":19,"column":null}},"line":19},"1":{"name":"(anonymous_1)","decl":{"start":{"line":21,"column":10},"end":{"line":21,"column":18}},"loc":{"start":{"line":21,"column":70},"end":{"line":40,"column":null}},"line":21}},"branchMap":{"0":{"loc":{"start":{"line":27,"column":12},"end":{"line":33,"column":null}},"type":"if","locations":[{"start":{"line":27,"column":12},"end":{"line":33,"column":null}},{"start":{"line":30,"column":19},"end":{"line":33,"column":null}}],"line":27}},"s":{"0":1,"1":1,"2":1,"3":1,"4":3,"5":3,"6":3,"7":1,"8":1,"9":2,"10":1,"11":2,"12":1,"13":1,"14":1},"f":{"0":1,"1":3},"b":{"0":[1,2]},"meta":{"lastBranch":1,"lastFunction":2,"lastStatement":15,"seen":{"s:12:7:41:Infinity":0,"f:13:4:13:Infinity":0,"s:14:47:14:Infinity":1,"s:16:25:16:Infinity":2,"s:18:25:18:Infinity":3,"f:21:10:21:18":1,"s:22:8:39:Infinity":4,"s:23:12:23:Infinity":5,"b:27:12:33:Infinity:30:19:33:Infinity":0,"s:27:12:33:Infinity":6,"s:28:16:28:Infinity":7,"s:29:16:29:Infinity":8,"s:31:16:31:Infinity":9,"s:32:16:32:Infinity":10,"s:35:12:35:Infinity":11,"s:37:12:37:Infinity":12,"s:38:12:38:Infinity":13,"s:12:13:12:64":14}}}
,"/home/gabriel/Desktop/fast-food-cook-to-order/src/application/use-cases/cook-to-order/ready-cook-to-order/ready-cook-to-order.ts": {"path":"/home/gabriel/Desktop/fast-food-cook-to-order/src/application/use-cases/cook-to-order/ready-cook-to-order/ready-cook-to-order.ts","statementMap":{"0":{"start":{"line":14,"column":7},"end":{"line":51,"column":null}},"1":{"start":{"line":16,"column":47},"end":{"line":16,"column":null}},"2":{"start":{"line":18,"column":25},"end":{"line":18,"column":null}},"3":{"start":{"line":20,"column":25},"end":{"line":20,"column":null}},"4":{"start":{"line":22,"column":25},"end":{"line":22,"column":null}},"5":{"start":{"line":26,"column":8},"end":{"line":49,"column":null}},"6":{"start":{"line":27,"column":12},"end":{"line":27,"column":null}},"7":{"start":{"line":29,"column":32},"end":{"line":29,"column":null}},"8":{"start":{"line":30,"column":12},"end":{"line":33,"column":null}},"9":{"start":{"line":31,"column":16},"end":{"line":31,"column":null}},"10":{"start":{"line":32,"column":16},"end":{"line":32,"column":null}},"11":{"start":{"line":35,"column":12},"end":{"line":35,"column":null}},"12":{"start":{"line":37,"column":31},"end":{"line":37,"column":null}},"13":{"start":{"line":38,"column":12},"end":{"line":38,"column":null}},"14":{"start":{"line":40,"column":12},"end":{"line":43,"column":null}},"15":{"start":{"line":45,"column":12},"end":{"line":45,"column":null}},"16":{"start":{"line":47,"column":12},"end":{"line":47,"column":null}},"17":{"start":{"line":48,"column":12},"end":{"line":48,"column":null}},"18":{"start":{"line":14,"column":13},"end":{"line":14,"column":66}}},"fnMap":{"0":{"name":"(anonymous_0)","decl":{"start":{"line":15,"column":4},"end":{"line":15,"column":null}},"loc":{"start":{"line":23,"column":6},"end":{"line":23,"column":null}},"line":23},"1":{"name":"(anonymous_1)","decl":{"start":{"line":25,"column":10},"end":{"line":25,"column":18}},"loc":{"start":{"line":25,"column":45},"end":{"line":50,"column":null}},"line":25}},"branchMap":{"0":{"loc":{"start":{"line":30,"column":12},"end":{"line":33,"column":null}},"type":"if","locations":[{"start":{"line":30,"column":12},"end":{"line":33,"column":null}},{"start":{},"end":{}}],"line":30}},"s":{"0":1,"1":1,"2":1,"3":1,"4":1,"5":2,"6":2,"7":2,"8":2,"9":1,"10":1,"11":1,"12":1,"13":1,"14":1,"15":1,"16":1,"17":1,"18":1},"f":{"0":1,"1":2},"b":{"0":[1,1]},"meta":{"lastBranch":1,"lastFunction":2,"lastStatement":19,"seen":{"s:14:7:51:Infinity":0,"f:15:4:15:Infinity":0,"s:16:47:16:Infinity":1,"s:18:25:18:Infinity":2,"s:20:25:20:Infinity":3,"s:22:25:22:Infinity":4,"f:25:10:25:18":1,"s:26:8:49:Infinity":5,"s:27:12:27:Infinity":6,"s:29:32:29:Infinity":7,"b:30:12:33:Infinity:undefined:undefined:undefined:undefined":0,"s:30:12:33:Infinity":8,"s:31:16:31:Infinity":9,"s:32:16:32:Infinity":10,"s:35:12:35:Infinity":11,"s:37:31:37:Infinity":12,"s:38:12:38:Infinity":13,"s:40:12:43:Infinity":14,"s:45:12:45:Infinity":15,"s:47:12:47:Infinity":16,"s:48:12:48:Infinity":17,"s:14:13:14:66":18}}}
,"/home/gabriel/Desktop/fast-food-cook-to-order/src/application/use-cases/cook-to-order/start-cook-to-order/start-cook-to-order.ts": {"path":"/home/gabriel/Desktop/fast-food-cook-to-order/src/application/use-cases/cook-to-order/start-cook-to-order/start-cook-to-order.ts","statementMap":{"0":{"start":{"line":14,"column":7},"end":{"line":51,"column":null}},"1":{"start":{"line":16,"column":47},"end":{"line":16,"column":null}},"2":{"start":{"line":18,"column":25},"end":{"line":18,"column":null}},"3":{"start":{"line":20,"column":25},"end":{"line":20,"column":null}},"4":{"start":{"line":22,"column":25},"end":{"line":22,"column":null}},"5":{"start":{"line":26,"column":8},"end":{"line":49,"column":null}},"6":{"start":{"line":27,"column":12},"end":{"line":27,"column":null}},"7":{"start":{"line":29,"column":32},"end":{"line":29,"column":null}},"8":{"start":{"line":30,"column":12},"end":{"line":33,"column":null}},"9":{"start":{"line":31,"column":16},"end":{"line":31,"column":null}},"10":{"start":{"line":32,"column":16},"end":{"line":32,"column":null}},"11":{"start":{"line":35,"column":12},"end":{"line":35,"column":null}},"12":{"start":{"line":37,"column":31},"end":{"line":37,"column":null}},"13":{"start":{"line":38,"column":12},"end":{"line":38,"column":null}},"14":{"start":{"line":40,"column":12},"end":{"line":43,"column":null}},"15":{"start":{"line":45,"column":12},"end":{"line":45,"column":null}},"16":{"start":{"line":47,"column":12},"end":{"line":47,"column":null}},"17":{"start":{"line":48,"column":12},"end":{"line":48,"column":null}},"18":{"start":{"line":14,"column":13},"end":{"line":14,"column":66}}},"fnMap":{"0":{"name":"(anonymous_0)","decl":{"start":{"line":15,"column":4},"end":{"line":15,"column":null}},"loc":{"start":{"line":23,"column":6},"end":{"line":23,"column":null}},"line":23},"1":{"name":"(anonymous_1)","decl":{"start":{"line":25,"column":10},"end":{"line":25,"column":18}},"loc":{"start":{"line":25,"column":45},"end":{"line":50,"column":null}},"line":25}},"branchMap":{"0":{"loc":{"start":{"line":30,"column":12},"end":{"line":33,"column":null}},"type":"if","locations":[{"start":{"line":30,"column":12},"end":{"line":33,"column":null}},{"start":{},"end":{}}],"line":30}},"s":{"0":1,"1":1,"2":1,"3":1,"4":1,"5":2,"6":2,"7":2,"8":2,"9":1,"10":1,"11":1,"12":1,"13":1,"14":1,"15":1,"16":1,"17":1,"18":1},"f":{"0":1,"1":2},"b":{"0":[1,1]},"meta":{"lastBranch":1,"lastFunction":2,"lastStatement":19,"seen":{"s:14:7:51:Infinity":0,"f:15:4:15:Infinity":0,"s:16:47:16:Infinity":1,"s:18:25:18:Infinity":2,"s:20:25:20:Infinity":3,"s:22:25:22:Infinity":4,"f:25:10:25:18":1,"s:26:8:49:Infinity":5,"s:27:12:27:Infinity":6,"s:29:32:29:Infinity":7,"b:30:12:33:Infinity:undefined:undefined:undefined:undefined":0,"s:30:12:33:Infinity":8,"s:31:16:31:Infinity":9,"s:32:16:32:Infinity":10,"s:35:12:35:Infinity":11,"s:37:31:37:Infinity":12,"s:38:12:38:Infinity":13,"s:40:12:43:Infinity":14,"s:45:12:45:Infinity":15,"s:47:12:47:Infinity":16,"s:48:12:48:Infinity":17,"s:14:13:14:66":18}}}
,"/home/gabriel/Desktop/fast-food-cook-to-order/src/domain/errors.ts": {"path":"/home/gabriel/Desktop/fast-food-cook-to-order/src/domain/errors.ts","statementMap":{"0":{"start":{"line":7,"column":8},"end":{"line":7,"column":null}},"1":{"start":{"line":3,"column":15},"end":{"line":3,"column":33}},"2":{"start":{"line":4,"column":15},"end":{"line":4,"column":28}},"3":{"start":{"line":5,"column":15},"end":{"line":5,"column":22}},"4":{"start":{"line":13,"column":8},"end":{"line":13,"column":null}},"5":{"start":{"line":19,"column":8},"end":{"line":19,"column":null}},"6":{"start":{"line":25,"column":8},"end":{"line":25,"column":null}},"7":{"start":{"line":34,"column":8},"end":{"line":34,"column":null}},"8":{"start":{"line":32,"column":24},"end":{"line":32,"column":null}},"9":{"start":{"line":35,"column":8},"end":{"line":35,"column":null}},"10":{"start":{"line":41,"column":8},"end":{"line":41,"column":null}},"11":{"start":{"line":47,"column":8},"end":{"line":47,"column":null}}},"fnMap":{"0":{"name":"(anonymous_0)","decl":{"start":{"line":2,"column":4},"end":{"line":2,"column":null}},"loc":{"start":{"line":6,"column":6},"end":{"line":8,"column":null}},"line":6},"1":{"name":"(anonymous_1)","decl":{"start":{"line":12,"column":4},"end":{"line":12,"column":16}},"loc":{"start":{"line":12,"column":67},"end":{"line":14,"column":null}},"line":12},"2":{"name":"(anonymous_2)","decl":{"start":{"line":18,"column":4},"end":{"line":18,"column":16}},"loc":{"start":{"line":18,"column":47},"end":{"line":20,"column":null}},"line":18},"3":{"name":"(anonymous_3)","decl":{"start":{"line":24,"column":4},"end":{"line":24,"column":16}},"loc":{"start":{"line":24,"column":47},"end":{"line":26,"column":null}},"line":24},"4":{"name":"(anonymous_4)","decl":{"start":{"line":30,"column":4},"end":{"line":30,"column":null}},"loc":{"start":{"line":33,"column":6},"end":{"line":36,"column":null}},"line":33},"5":{"name":"(anonymous_5)","decl":{"start":{"line":40,"column":4},"end":{"line":40,"column":16}},"loc":{"start":{"line":40,"column":51},"end":{"line":42,"column":null}},"line":40},"6":{"name":"(anonymous_6)","decl":{"start":{"line":46,"column":4},"end":{"line":46,"column":16}},"loc":{"start":{"line":46,"column":53},"end":{"line":48,"column":null}},"line":46}},"branchMap":{"0":{"loc":{"start":{"line":3,"column":15},"end":{"line":3,"column":null}},"type":"default-arg","locations":[{"start":{"line":3,"column":33},"end":{"line":3,"column":null}}],"line":3},"1":{"loc":{"start":{"line":4,"column":15},"end":{"line":4,"column":null}},"type":"default-arg","locations":[{"start":{"line":4,"column":28},"end":{"line":4,"column":null}}],"line":4},"2":{"loc":{"start":{"line":5,"column":15},"end":{"line":5,"column":null}},"type":"default-arg","locations":[{"start":{"line":5,"column":22},"end":{"line":5,"column":null}}],"line":5},"3":{"loc":{"start":{"line":12,"column":36},"end":{"line":12,"column":67}},"type":"default-arg","locations":[{"start":{"line":12,"column":46},"end":{"line":12,"column":67}}],"line":12},"4":{"loc":{"start":{"line":18,"column":16},"end":{"line":18,"column":47}},"type":"default-arg","locations":[{"start":{"line":18,"column":26},"end":{"line":18,"column":47}}],"line":18},"5":{"loc":{"start":{"line":24,"column":16},"end":{"line":24,"column":47}},"type":"default-arg","locations":[{"start":{"line":24,"column":26},"end":{"line":24,"column":47}}],"line":24},"6":{"loc":{"start":{"line":40,"column":16},"end":{"line":40,"column":51}},"type":"default-arg","locations":[{"start":{"line":40,"column":26},"end":{"line":40,"column":51}}],"line":40},"7":{"loc":{"start":{"line":46,"column":16},"end":{"line":46,"column":53}},"type":"default-arg","locations":[{"start":{"line":46,"column":26},"end":{"line":46,"column":53}}],"line":46}},"s":{"0":12,"1":12,"2":12,"3":12,"4":0,"5":2,"6":0,"7":0,"8":0,"9":0,"10":0,"11":10},"f":{"0":12,"1":0,"2":2,"3":0,"4":0,"5":0,"6":10},"b":{"0":[12],"1":[12],"2":[12],"3":[0],"4":[2],"5":[0],"6":[0],"7":[10]},"meta":{"lastBranch":8,"lastFunction":7,"lastStatement":12,"seen":{"f:2:4:2:Infinity":0,"b:3:33:3:Infinity":0,"b:4:28:4:Infinity":1,"b:5:22:5:Infinity":2,"s:7:8:7:Infinity":0,"s:3:15:3:33":1,"s:4:15:4:28":2,"s:5:15:5:22":3,"f:12:4:12:16":1,"b:12:46:12:67":3,"s:13:8:13:Infinity":4,"f:18:4:18:16":2,"b:18:26:18:47":4,"s:19:8:19:Infinity":5,"f:24:4:24:16":3,"b:24:26:24:47":5,"s:25:8:25:Infinity":6,"f:30:4:30:Infinity":4,"s:34:8:34:Infinity":7,"s:32:24:32:Infinity":8,"s:35:8:35:Infinity":9,"f:40:4:40:16":5,"b:40:26:40:51":6,"s:41:8:41:Infinity":10,"f:46:4:46:16":6,"b:46:26:46:53":7,"s:47:8:47:Infinity":11}}}
,"/home/gabriel/Desktop/fast-food-cook-to-order/src/domain/entities/cook-to-order.entity.ts": {"path":"/home/gabriel/Desktop/fast-food-cook-to-order/src/domain/entities/cook-to-order.entity.ts","statementMap":{"0":{"start":{"line":24,"column":8},"end":{"line":24,"column":null}},"1":{"start":{"line":25,"column":8},"end":{"line":25,"column":null}},"2":{"start":{"line":26,"column":8},"end":{"line":26,"column":null}},"3":{"start":{"line":27,"column":8},"end":{"line":27,"column":null}},"4":{"start":{"line":28,"column":8},"end":{"line":28,"column":null}},"5":{"start":{"line":32,"column":8},"end":{"line":32,"column":null}},"6":{"start":{"line":33,"column":8},"end":{"line":33,"column":null}},"7":{"start":{"line":37,"column":8},"end":{"line":37,"column":null}},"8":{"start":{"line":38,"column":8},"end":{"line":38,"column":null}}},"fnMap":{"0":{"name":"(anonymous_0)","decl":{"start":{"line":23,"column":4},"end":{"line":23,"column":16}},"loc":{"start":{"line":23,"column":41},"end":{"line":29,"column":null}},"line":23},"1":{"name":"(anonymous_1)","decl":{"start":{"line":31,"column":4},"end":{"line":31,"column":18}},"loc":{"start":{"line":31,"column":18},"end":{"line":34,"column":null}},"line":31},"2":{"name":"(anonymous_2)","decl":{"start":{"line":36,"column":4},"end":{"line":36,"column":18}},"loc":{"start":{"line":36,"column":18},"end":{"line":39,"column":null}},"line":36}},"branchMap":{},"s":{"0":16,"1":16,"2":16,"3":16,"4":16,"5":1,"6":1,"7":1,"8":1},"f":{"0":16,"1":1,"2":1},"b":{},"meta":{"lastBranch":0,"lastFunction":3,"lastStatement":9,"seen":{"f:23:4:23:16":0,"s:24:8:24:Infinity":0,"s:25:8:25:Infinity":1,"s:26:8:26:Infinity":2,"s:27:8:27:Infinity":3,"s:28:8:28:Infinity":4,"f:31:4:31:18":1,"s:32:8:32:Infinity":5,"s:33:8:33:Infinity":6,"f:36:4:36:18":2,"s:37:8:37:Infinity":7,"s:38:8:38:Infinity":8}}}
,"/home/gabriel/Desktop/fast-food-cook-to-order/src/domain/enum/cook-to-order-status.ts": {"path":"/home/gabriel/Desktop/fast-food-cook-to-order/src/domain/enum/cook-to-order-status.ts","statementMap":{"0":{"start":{"line":1,"column":7},"end":{"line":1,"column":null}},"1":{"start":{"line":2,"column":4},"end":{"line":2,"column":null}},"2":{"start":{"line":3,"column":4},"end":{"line":3,"column":null}},"3":{"start":{"line":4,"column":4},"end":{"line":4,"column":null}},"4":{"start":{"line":1,"column":12},"end":{"line":1,"column":null}}},"fnMap":{"0":{"name":"(anonymous_0)","decl":{"start":{"line":1,"column":7},"end":{"line":1,"column":12}},"loc":{"start":{"line":1,"column":7},"end":{"line":1,"column":null}},"line":1}},"branchMap":{"0":{"loc":{"start":{"line":1,"column":12},"end":{"line":1,"column":null}},"type":"binary-expr","locations":[{"start":{"line":1,"column":12},"end":{"line":1,"column":null}},{"start":{"line":1,"column":12},"end":{"line":1,"column":null}}],"line":1}},"s":{"0":11,"1":11,"2":11,"3":11,"4":11},"f":{"0":11},"b":{"0":[11,11]},"meta":{"lastBranch":1,"lastFunction":1,"lastStatement":5,"seen":{"s:1:7:1:Infinity":0,"f:1:7:1:12":0,"s:2:4:2:Infinity":1,"s:3:4:3:Infinity":2,"s:4:4:4:Infinity":3,"s:1:12:1:Infinity":4,"b:1:12:1:Infinity:1:12:1:Infinity":0}}}
,"/home/gabriel/Desktop/fast-food-cook-to-order/src/infrastructure/config/di/types.ts": {"path":"/home/gabriel/Desktop/fast-food-cook-to-order/src/infrastructure/config/di/types.ts","statementMap":{"0":{"start":{"line":1,"column":21},"end":{"line":25,"column":null}}},"fnMap":{},"branchMap":{},"s":{"0":10},"f":{},"b":{},"meta":{"lastBranch":0,"lastFunction":0,"lastStatement":1,"seen":{"s:1:21:25:Infinity":0}}}
,"/home/gabriel/Desktop/fast-food-cook-to-order/src/infrastructure/repositories/dynamodb/dynamodb-find-active-cook-to-order.repository.ts": {"path":"/home/gabriel/Desktop/fast-food-cook-to-order/src/infrastructure/repositories/dynamodb/dynamodb-find-active-cook-to-order.repository.ts","statementMap":{"0":{"start":{"line":15,"column":7},"end":{"line":50,"column":null}},"1":{"start":{"line":17,"column":47},"end":{"line":17,"column":null}},"2":{"start":{"line":18,"column":55},"end":{"line":18,"column":null}},"3":{"start":{"line":22,"column":8},"end":{"line":48,"column":null}},"4":{"start":{"line":23,"column":12},"end":{"line":23,"column":null}},"5":{"start":{"line":24,"column":27},"end":{"line":31,"column":null}},"6":{"start":{"line":33,"column":27},"end":{"line":33,"column":null}},"7":{"start":{"line":35,"column":12},"end":{"line":38,"column":null}},"8":{"start":{"line":36,"column":16},"end":{"line":36,"column":null}},"9":{"start":{"line":37,"column":16},"end":{"line":37,"column":null}},"10":{"start":{"line":40,"column":12},"end":{"line":40,"column":null}},"11":{"start":{"line":42,"column":12},"end":{"line":42,"column":null}},"12":{"start":{"line":42,"column":38},"end":{"line":42,"column":70}},"13":{"start":{"line":44,"column":12},"end":{"line":44,"column":null}},"14":{"start":{"line":46,"column":33},"end":{"line":46,"column":null}},"15":{"start":{"line":47,"column":12},"end":{"line":47,"column":null}},"16":{"start":{"line":15,"column":13},"end":{"line":15,"column":97}}},"fnMap":{"0":{"name":"(anonymous_0)","decl":{"start":{"line":16,"column":4},"end":{"line":16,"column":null}},"loc":{"start":{"line":19,"column":6},"end":{"line":19,"column":null}},"line":19},"1":{"name":"(anonymous_1)","decl":{"start":{"line":21,"column":10},"end":{"line":21,"column":44}},"loc":{"start":{"line":21,"column":44},"end":{"line":49,"column":null}},"line":21},"2":{"name":"(anonymous_2)","decl":{"start":{"line":42,"column":30},"end":{"line":42,"column":38}},"loc":{"start":{"line":42,"column":38},"end":{"line":42,"column":70}},"line":42}},"branchMap":{"0":{"loc":{"start":{"line":35,"column":12},"end":{"line":38,"column":null}},"type":"if","locations":[{"start":{"line":35,"column":12},"end":{"line":38,"column":null}},{"start":{},"end":{}}],"line":35},"1":{"loc":{"start":{"line":35,"column":16},"end":{"line":35,"column":48}},"type":"binary-expr","locations":[{"start":{"line":35,"column":16},"end":{"line":35,"column":27}},{"start":{"line":35,"column":27},"end":{"line":35,"column":48}}],"line":35},"2":{"loc":{"start":{"line":46,"column":33},"end":{"line":46,"column":null}},"type":"cond-expr","locations":[{"start":{"line":46,"column":58},"end":{"line":46,"column":74}},{"start":{"line":46,"column":74},"end":{"line":46,"column":null}}],"line":46}},"s":{"0":1,"1":1,"2":1,"3":4,"4":4,"5":4,"6":4,"7":2,"8":1,"9":1,"10":1,"11":1,"12":1,"13":2,"14":2,"15":2,"16":1},"f":{"0":1,"1":4,"2":1},"b":{"0":[1,1],"1":[2,2],"2":[1,1]},"meta":{"lastBranch":3,"lastFunction":3,"lastStatement":17,"seen":{"s:15:7:50:Infinity":0,"f:16:4:16:Infinity":0,"s:17:47:17:Infinity":1,"s:18:55:18:Infinity":2,"f:21:10:21:44":1,"s:22:8:48:Infinity":3,"s:23:12:23:Infinity":4,"s:24:27:31:Infinity":5,"s:33:27:33:Infinity":6,"b:35:12:38:Infinity:undefined:undefined:undefined:undefined":0,"s:35:12:38:Infinity":7,"b:35:16:35:27:35:27:35:48":1,"s:36:16:36:Infinity":8,"s:37:16:37:Infinity":9,"s:40:12:40:Infinity":10,"s:42:12:42:Infinity":11,"f:42:30:42:38":2,"s:42:38:42:70":12,"s:44:12:44:Infinity":13,"s:46:33:46:Infinity":14,"b:46:58:46:74:46:74:46:Infinity":2,"s:47:12:47:Infinity":15,"s:15:13:15:97":16}}}
,"/home/gabriel/Desktop/fast-food-cook-to-order/src/infrastructure/repositories/dynamodb/dynamodb-find-by-id-cook-to-order.repository.ts": {"path":"/home/gabriel/Desktop/fast-food-cook-to-order/src/infrastructure/repositories/dynamodb/dynamodb-find-by-id-cook-to-order.repository.ts","statementMap":{"0":{"start":{"line":15,"column":7},"end":{"line":45,"column":null}},"1":{"start":{"line":17,"column":47},"end":{"line":17,"column":null}},"2":{"start":{"line":18,"column":55},"end":{"line":18,"column":null}},"3":{"start":{"line":22,"column":8},"end":{"line":43,"column":null}},"4":{"start":{"line":23,"column":12},"end":{"line":23,"column":null}},"5":{"start":{"line":24,"column":27},"end":{"line":27,"column":null}},"6":{"start":{"line":29,"column":27},"end":{"line":29,"column":null}},"7":{"start":{"line":31,"column":12},"end":{"line":34,"column":null}},"8":{"start":{"line":32,"column":16},"end":{"line":32,"column":null}},"9":{"start":{"line":33,"column":16},"end":{"line":33,"column":null}},"10":{"start":{"line":36,"column":12},"end":{"line":36,"column":null}},"11":{"start":{"line":37,"column":12},"end":{"line":37,"column":null}},"12":{"start":{"line":39,"column":12},"end":{"line":39,"column":null}},"13":{"start":{"line":41,"column":33},"end":{"line":41,"column":null}},"14":{"start":{"line":42,"column":12},"end":{"line":42,"column":null}},"15":{"start":{"line":15,"column":13},"end":{"line":15,"column":93}}},"fnMap":{"0":{"name":"(anonymous_0)","decl":{"start":{"line":16,"column":4},"end":{"line":16,"column":null}},"loc":{"start":{"line":19,"column":6},"end":{"line":19,"column":null}},"line":19},"1":{"name":"(anonymous_1)","decl":{"start":{"line":21,"column":10},"end":{"line":21,"column":18}},"loc":{"start":{"line":21,"column":59},"end":{"line":44,"column":null}},"line":21}},"branchMap":{"0":{"loc":{"start":{"line":31,"column":12},"end":{"line":34,"column":null}},"type":"if","locations":[{"start":{"line":31,"column":12},"end":{"line":34,"column":null}},{"start":{},"end":{}}],"line":31},"1":{"loc":{"start":{"line":41,"column":33},"end":{"line":41,"column":null}},"type":"cond-expr","locations":[{"start":{"line":41,"column":58},"end":{"line":41,"column":74}},{"start":{"line":41,"column":74},"end":{"line":41,"column":null}}],"line":41}},"s":{"0":1,"1":1,"2":1,"3":4,"4":4,"5":4,"6":4,"7":2,"8":1,"9":1,"10":1,"11":1,"12":2,"13":2,"14":2,"15":1},"f":{"0":1,"1":4},"b":{"0":[1,1],"1":[1,1]},"meta":{"lastBranch":2,"lastFunction":2,"lastStatement":16,"seen":{"s:15:7:45:Infinity":0,"f:16:4:16:Infinity":0,"s:17:47:17:Infinity":1,"s:18:55:18:Infinity":2,"f:21:10:21:18":1,"s:22:8:43:Infinity":3,"s:23:12:23:Infinity":4,"s:24:27:27:Infinity":5,"s:29:27:29:Infinity":6,"b:31:12:34:Infinity:undefined:undefined:undefined:undefined":0,"s:31:12:34:Infinity":7,"s:32:16:32:Infinity":8,"s:33:16:33:Infinity":9,"s:36:12:36:Infinity":10,"s:37:12:37:Infinity":11,"s:39:12:39:Infinity":12,"s:41:33:41:Infinity":13,"b:41:58:41:74:41:74:41:Infinity":1,"s:42:12:42:Infinity":14,"s:15:13:15:93":15}}}
,"/home/gabriel/Desktop/fast-food-cook-to-order/src/infrastructure/repositories/dynamodb/dynamodb-find-by-status-cook-to-order.repository.ts": {"path":"/home/gabriel/Desktop/fast-food-cook-to-order/src/infrastructure/repositories/dynamodb/dynamodb-find-by-status-cook-to-order.repository.ts","statementMap":{"0":{"start":{"line":16,"column":7},"end":{"line":53,"column":null}},"1":{"start":{"line":18,"column":47},"end":{"line":18,"column":null}},"2":{"start":{"line":19,"column":55},"end":{"line":19,"column":null}},"3":{"start":{"line":23,"column":8},"end":{"line":51,"column":null}},"4":{"start":{"line":24,"column":12},"end":{"line":24,"column":null}},"5":{"start":{"line":25,"column":27},"end":{"line":35,"column":null}},"6":{"start":{"line":37,"column":27},"end":{"line":37,"column":null}},"7":{"start":{"line":39,"column":12},"end":{"line":42,"column":null}},"8":{"start":{"line":40,"column":16},"end":{"line":40,"column":null}},"9":{"start":{"line":41,"column":16},"end":{"line":41,"column":null}},"10":{"start":{"line":44,"column":12},"end":{"line":44,"column":null}},"11":{"start":{"line":45,"column":12},"end":{"line":45,"column":null}},"12":{"start":{"line":45,"column":38},"end":{"line":45,"column":70}},"13":{"start":{"line":47,"column":12},"end":{"line":47,"column":null}},"14":{"start":{"line":49,"column":33},"end":{"line":49,"column":null}},"15":{"start":{"line":50,"column":12},"end":{"line":50,"column":null}},"16":{"start":{"line":16,"column":13},"end":{"line":16,"column":101}}},"fnMap":{"0":{"name":"(anonymous_0)","decl":{"start":{"line":17,"column":4},"end":{"line":17,"column":null}},"loc":{"start":{"line":20,"column":6},"end":{"line":20,"column":null}},"line":20},"1":{"name":"(anonymous_1)","decl":{"start":{"line":22,"column":10},"end":{"line":22,"column":18}},"loc":{"start":{"line":22,"column":69},"end":{"line":52,"column":null}},"line":22},"2":{"name":"(anonymous_2)","decl":{"start":{"line":45,"column":30},"end":{"line":45,"column":38}},"loc":{"start":{"line":45,"column":38},"end":{"line":45,"column":70}},"line":45}},"branchMap":{"0":{"loc":{"start":{"line":39,"column":12},"end":{"line":42,"column":null}},"type":"if","locations":[{"start":{"line":39,"column":12},"end":{"line":42,"column":null}},{"start":{},"end":{}}],"line":39},"1":{"loc":{"start":{"line":39,"column":16},"end":{"line":39,"column":48}},"type":"binary-expr","locations":[{"start":{"line":39,"column":16},"end":{"line":39,"column":27}},{"start":{"line":39,"column":27},"end":{"line":39,"column":48}}],"line":39},"2":{"loc":{"start":{"line":49,"column":33},"end":{"line":49,"column":null}},"type":"cond-expr","locations":[{"start":{"line":49,"column":58},"end":{"line":49,"column":74}},{"start":{"line":49,"column":74},"end":{"line":49,"column":null}}],"line":49}},"s":{"0":1,"1":1,"2":1,"3":4,"4":4,"5":4,"6":4,"7":2,"8":1,"9":1,"10":1,"11":1,"12":1,"13":2,"14":2,"15":2,"16":1},"f":{"0":1,"1":4,"2":1},"b":{"0":[1,1],"1":[2,2],"2":[1,1]},"meta":{"lastBranch":3,"lastFunction":3,"lastStatement":17,"seen":{"s:16:7:53:Infinity":0,"f:17:4:17:Infinity":0,"s:18:47:18:Infinity":1,"s:19:55:19:Infinity":2,"f:22:10:22:18":1,"s:23:8:51:Infinity":3,"s:24:12:24:Infinity":4,"s:25:27:35:Infinity":5,"s:37:27:37:Infinity":6,"b:39:12:42:Infinity:undefined:undefined:undefined:undefined":0,"s:39:12:42:Infinity":7,"b:39:16:39:27:39:27:39:48":1,"s:40:16:40:Infinity":8,"s:41:16:41:Infinity":9,"s:44:12:44:Infinity":10,"s:45:12:45:Infinity":11,"f:45:30:45:38":2,"s:45:38:45:70":12,"s:47:12:47:Infinity":13,"s:49:33:49:Infinity":14,"b:49:58:49:74:49:74:49:Infinity":2,"s:50:12:50:Infinity":15,"s:16:13:16:101":16}}}
,"/home/gabriel/Desktop/fast-food-cook-to-order/src/infrastructure/repositories/dynamodb/dynamodb-put-cook-to-order.repository.ts": {"path":"/home/gabriel/Desktop/fast-food-cook-to-order/src/infrastructure/repositories/dynamodb/dynamodb-put-cook-to-order.repository.ts","statementMap":{"0":{"start":{"line":13,"column":7},"end":{"line":35,"column":null}},"1":{"start":{"line":15,"column":47},"end":{"line":15,"column":null}},"2":{"start":{"line":16,"column":55},"end":{"line":16,"column":null}},"3":{"start":{"line":20,"column":8},"end":{"line":33,"column":null}},"4":{"start":{"line":21,"column":12},"end":{"line":21,"column":null}},"5":{"start":{"line":22,"column":27},"end":{"line":25,"column":null}},"6":{"start":{"line":26,"column":12},"end":{"line":26,"column":null}},"7":{"start":{"line":27,"column":12},"end":{"line":27,"column":null}},"8":{"start":{"line":29,"column":12},"end":{"line":29,"column":null}},"9":{"start":{"line":31,"column":33},"end":{"line":31,"column":null}},"10":{"start":{"line":32,"column":12},"end":{"line":32,"column":null}},"11":{"start":{"line":13,"column":13},"end":{"line":13,"column":83}}},"fnMap":{"0":{"name":"(anonymous_0)","decl":{"start":{"line":14,"column":4},"end":{"line":14,"column":null}},"loc":{"start":{"line":17,"column":6},"end":{"line":17,"column":null}},"line":17},"1":{"name":"(anonymous_1)","decl":{"start":{"line":19,"column":10},"end":{"line":19,"column":18}},"loc":{"start":{"line":19,"column":64},"end":{"line":34,"column":null}},"line":19}},"branchMap":{"0":{"loc":{"start":{"line":31,"column":33},"end":{"line":31,"column":null}},"type":"cond-expr","locations":[{"start":{"line":31,"column":58},"end":{"line":31,"column":74}},{"start":{"line":31,"column":74},"end":{"line":31,"column":null}}],"line":31}},"s":{"0":1,"1":1,"2":1,"3":3,"4":3,"5":3,"6":3,"7":1,"8":2,"9":2,"10":2,"11":1},"f":{"0":1,"1":3},"b":{"0":[1,1]},"meta":{"lastBranch":1,"lastFunction":2,"lastStatement":12,"seen":{"s:13:7:35:Infinity":0,"f:14:4:14:Infinity":0,"s:15:47:15:Infinity":1,"s:16:55:16:Infinity":2,"f:19:10:19:18":1,"s:20:8:33:Infinity":3,"s:21:12:21:Infinity":4,"s:22:27:25:Infinity":5,"s:26:12:26:Infinity":6,"s:27:12:27:Infinity":7,"s:29:12:29:Infinity":8,"s:31:33:31:Infinity":9,"b:31:58:31:74:31:74:31:Infinity":0,"s:32:12:32:Infinity":10,"s:13:13:13:83":11}}}
,"/home/gabriel/Desktop/fast-food-cook-to-order/src/infrastructure/repositories/dynamodb/dynamodb-update-cook-to-order.repository.ts": {"path":"/home/gabriel/Desktop/fast-food-cook-to-order/src/infrastructure/repositories/dynamodb/dynamodb-update-cook-to-order.repository.ts","statementMap":{"0":{"start":{"line":14,"column":7},"end":{"line":49,"column":null}},"1":{"start":{"line":16,"column":47},"end":{"line":16,"column":null}},"2":{"start":{"line":17,"column":55},"end":{"line":17,"column":null}},"3":{"start":{"line":21,"column":8},"end":{"line":47,"column":null}},"4":{"start":{"line":22,"column":12},"end":{"line":22,"column":null}},"5":{"start":{"line":23,"column":27},"end":{"line":39,"column":null}},"6":{"start":{"line":40,"column":12},"end":{"line":40,"column":null}},"7":{"start":{"line":41,"column":12},"end":{"line":41,"column":null}},"8":{"start":{"line":43,"column":12},"end":{"line":43,"column":null}},"9":{"start":{"line":45,"column":33},"end":{"line":45,"column":null}},"10":{"start":{"line":46,"column":12},"end":{"line":46,"column":null}},"11":{"start":{"line":14,"column":13},"end":{"line":14,"column":89}}},"fnMap":{"0":{"name":"(anonymous_0)","decl":{"start":{"line":15,"column":4},"end":{"line":15,"column":null}},"loc":{"start":{"line":18,"column":6},"end":{"line":18,"column":null}},"line":18},"1":{"name":"(anonymous_1)","decl":{"start":{"line":20,"column":10},"end":{"line":20,"column":18}},"loc":{"start":{"line":20,"column":64},"end":{"line":48,"column":null}},"line":20}},"branchMap":{"0":{"loc":{"start":{"line":36,"column":36},"end":{"line":36,"column":null}},"type":"cond-expr","locations":[{"start":{"line":36,"column":81},"end":{"line":36,"column":90}},{"start":{"line":36,"column":90},"end":{"line":36,"column":null}}],"line":36},"1":{"loc":{"start":{"line":45,"column":33},"end":{"line":45,"column":null}},"type":"cond-expr","locations":[{"start":{"line":45,"column":58},"end":{"line":45,"column":74}},{"start":{"line":45,"column":74},"end":{"line":45,"column":null}}],"line":45}},"s":{"0":1,"1":1,"2":1,"3":4,"4":4,"5":4,"6":4,"7":2,"8":2,"9":2,"10":2,"11":1},"f":{"0":1,"1":4},"b":{"0":[1,3],"1":[1,1]},"meta":{"lastBranch":2,"lastFunction":2,"lastStatement":12,"seen":{"s:14:7:49:Infinity":0,"f:15:4:15:Infinity":0,"s:16:47:16:Infinity":1,"s:17:55:17:Infinity":2,"f:20:10:20:18":1,"s:21:8:47:Infinity":3,"s:22:12:22:Infinity":4,"s:23:27:39:Infinity":5,"b:36:81:36:90:36:90:36:Infinity":0,"s:40:12:40:Infinity":6,"s:41:12:41:Infinity":7,"s:43:12:43:Infinity":8,"s:45:33:45:Infinity":9,"b:45:58:45:74:45:74:45:Infinity":1,"s:46:12:46:Infinity":10,"s:14:13:14:89":11}}}
,"/home/gabriel/Desktop/fast-food-cook-to-order/src/infrastructure/repositories/dynamodb/mappers/cook-to-order.mapper.ts": {"path":"/home/gabriel/Desktop/fast-food-cook-to-order/src/infrastructure/repositories/dynamodb/mappers/cook-to-order.mapper.ts","statementMap":{"0":{"start":{"line":6,"column":8},"end":{"line":8,"column":null}},"1":{"start":{"line":7,"column":12},"end":{"line":7,"column":null}},"2":{"start":{"line":10,"column":8},"end":{"line":16,"column":null}},"3":{"start":{"line":20,"column":8},"end":{"line":28,"column":null}}},"fnMap":{"0":{"name":"(anonymous_0)","decl":{"start":{"line":5,"column":11},"end":{"line":5,"column":20}},"loc":{"start":{"line":5,"column":61},"end":{"line":17,"column":null}},"line":5},"1":{"name":"(anonymous_1)","decl":{"start":{"line":19,"column":11},"end":{"line":19,"column":22}},"loc":{"start":{"line":19,"column":70},"end":{"line":29,"column":null}},"line":19}},"branchMap":{"0":{"loc":{"start":{"line":6,"column":8},"end":{"line":8,"column":null}},"type":"if","locations":[{"start":{"line":6,"column":8},"end":{"line":8,"column":null}},{"start":{},"end":{}}],"line":6},"1":{"loc":{"start":{"line":13,"column":19},"end":{"line":13,"column":null}},"type":"binary-expr","locations":[{"start":{"line":13,"column":19},"end":{"line":13,"column":33}},{"start":{"line":13,"column":33},"end":{"line":13,"column":null}}],"line":13}},"s":{"0":6,"1":1,"2":5,"3":5},"f":{"0":7,"1":7},"b":{"0":[1,5],"1":[5,1]},"meta":{"lastBranch":2,"lastFunction":2,"lastStatement":4,"seen":{"f:5:11:5:20":0,"b:6:8:8:Infinity:undefined:undefined:undefined:undefined":0,"s:6:8:8:Infinity":0,"s:7:12:7:Infinity":1,"s:10:8:16:Infinity":2,"b:13:19:13:33:13:33:13:Infinity":1,"f:19:11:19:22":1,"s:20:8:28:Infinity":3}}}
,"/home/gabriel/Desktop/fast-food-cook-to-order/src/interfaces/controller/cook-to-order.controller.ts": {"path":"/home/gabriel/Desktop/fast-food-cook-to-order/src/interfaces/controller/cook-to-order.controller.ts","statementMap":{"0":{"start":{"line":15,"column":7},"end":{"line":44,"column":null}},"1":{"start":{"line":17,"column":47},"end":{"line":17,"column":null}},"2":{"start":{"line":18,"column":65},"end":{"line":18,"column":null}},"3":{"start":{"line":19,"column":63},"end":{"line":19,"column":null}},"4":{"start":{"line":20,"column":64},"end":{"line":20,"column":null}},"5":{"start":{"line":21,"column":64},"end":{"line":21,"column":null}},"6":{"start":{"line":25,"column":8},"end":{"line":25,"column":null}},"7":{"start":{"line":26,"column":8},"end":{"line":26,"column":null}},"8":{"start":{"line":30,"column":8},"end":{"line":30,"column":null}},"9":{"start":{"line":31,"column":25},"end":{"line":31,"column":null}},"10":{"start":{"line":32,"column":8},"end":{"line":32,"column":null}},"11":{"start":{"line":32,"column":36},"end":{"line":32,"column":69}},"12":{"start":{"line":36,"column":8},"end":{"line":36,"column":null}},"13":{"start":{"line":37,"column":8},"end":{"line":37,"column":null}},"14":{"start":{"line":41,"column":8},"end":{"line":41,"column":null}},"15":{"start":{"line":42,"column":8},"end":{"line":42,"column":null}},"16":{"start":{"line":15,"column":13},"end":{"line":15,"column":35}}},"fnMap":{"0":{"name":"(anonymous_0)","decl":{"start":{"line":16,"column":4},"end":{"line":16,"column":null}},"loc":{"start":{"line":22,"column":6},"end":{"line":22,"column":null}},"line":22},"1":{"name":"(anonymous_1)","decl":{"start":{"line":24,"column":10},"end":{"line":24,"column":17}},"loc":{"start":{"line":24,"column":67},"end":{"line":27,"column":null}},"line":24},"2":{"name":"(anonymous_2)","decl":{"start":{"line":29,"column":10},"end":{"line":29,"column":15}},"loc":{"start":{"line":29,"column":75},"end":{"line":33,"column":null}},"line":29},"3":{"name":"(anonymous_3)","decl":{"start":{"line":32,"column":28},"end":{"line":32,"column":36}},"loc":{"start":{"line":32,"column":36},"end":{"line":32,"column":69}},"line":32},"4":{"name":"(anonymous_4)","decl":{"start":{"line":35,"column":10},"end":{"line":35,"column":27}},"loc":{"start":{"line":35,"column":54},"end":{"line":38,"column":null}},"line":35},"5":{"name":"(anonymous_5)","decl":{"start":{"line":40,"column":10},"end":{"line":40,"column":27}},"loc":{"start":{"line":40,"column":54},"end":{"line":43,"column":null}},"line":40}},"branchMap":{},"s":{"0":1,"1":1,"2":1,"3":1,"4":1,"5":1,"6":1,"7":1,"8":1,"9":1,"10":1,"11":1,"12":1,"13":1,"14":1,"15":1,"16":1},"f":{"0":1,"1":1,"2":1,"3":1,"4":1,"5":1},"b":{},"meta":{"lastBranch":0,"lastFunction":6,"lastStatement":17,"seen":{"s:15:7:44:Infinity":0,"f:16:4:16:Infinity":0,"s:17:47:17:Infinity":1,"s:18:65:18:Infinity":2,"s:19:63:19:Infinity":3,"s:20:64:20:Infinity":4,"s:21:64:21:Infinity":5,"f:24:10:24:17":1,"s:25:8:25:Infinity":6,"s:26:8:26:Infinity":7,"f:29:10:29:15":2,"s:30:8:30:Infinity":8,"s:31:25:31:Infinity":9,"s:32:8:32:Infinity":10,"f:32:28:32:36":3,"s:32:36:32:69":11,"f:35:10:35:27":4,"s:36:8:36:Infinity":12,"s:37:8:37:Infinity":13,"f:40:10:40:27":5,"s:41:8:41:Infinity":14,"s:42:8:42:Infinity":15,"s:15:13:15:35":16}}}
,"/home/gabriel/Desktop/fast-food-cook-to-order/src/interfaces/presenter/cook-to-order.presenter.ts": {"path":"/home/gabriel/Desktop/fast-food-cook-to-order/src/interfaces/presenter/cook-to-order.presenter.ts","statementMap":{"0":{"start":{"line":6,"column":8},"end":{"line":18,"column":null}}},"fnMap":{"0":{"name":"(anonymous_0)","decl":{"start":{"line":5,"column":11},"end":{"line":5,"column":18}},"loc":{"start":{"line":5,"column":65},"end":{"line":19,"column":null}},"line":5}},"branchMap":{},"s":{"0":1},"f":{"0":1},"b":{},"meta":{"lastBranch":0,"lastFunction":1,"lastStatement":1,"seen":{"f:5:11:5:18":0,"s:6:8:18:Infinity":0}}}
}
