TN:
SF:src/application/use-cases/cook-to-order/create-cook-to-order/create-cook-to-order.ts
FN:15,(anonymous_0)
FN:21,(anonymous_1)
FN:28,(anonymous_2)
FNF:3
FNH:3
FNDA:1,(anonymous_0)
FNDA:2,(anonymous_1)
FNDA:2,(anonymous_2)
DA:14,1
DA:16,1
DA:17,1
DA:18,1
DA:22,2
DA:23,2
DA:25,2
DA:26,2
DA:28,2
DA:37,2
DA:38,2
DA:39,1
DA:41,1
DA:45,1
DA:47,1
DA:48,1
LF:16
LH:16
BRF:0
BRH:0
end_of_record
TN:
SF:src/application/use-cases/cook-to-order/list-cook-to-order/list-cook-to-order.ts
FN:13,(anonymous_0)
FN:21,(anonymous_1)
FNF:2
FNH:2
FNDA:1,(anonymous_0)
FNDA:3,(anonymous_1)
DA:12,1
DA:14,1
DA:16,1
DA:18,1
DA:22,3
DA:23,3
DA:27,3
DA:28,1
DA:29,1
DA:31,2
DA:32,1
DA:35,2
DA:37,1
DA:38,1
LF:14
LH:14
BRDA:27,0,0,1
BRDA:27,0,1,2
BRF:2
BRH:2
end_of_record
TN:
SF:src/application/use-cases/cook-to-order/ready-cook-to-order/ready-cook-to-order.ts
FN:15,(anonymous_0)
FN:25,(anonymous_1)
FNF:2
FNH:2
FNDA:1,(anonymous_0)
FNDA:2,(anonymous_1)
DA:14,1
DA:16,1
DA:18,1
DA:20,1
DA:22,1
DA:26,2
DA:27,2
DA:29,2
DA:30,2
DA:31,1
DA:32,1
DA:35,1
DA:37,1
DA:38,1
DA:40,1
DA:45,1
DA:47,1
DA:48,1
LF:18
LH:18
BRDA:30,0,0,1
BRDA:30,0,1,1
BRF:2
BRH:2
end_of_record
TN:
SF:src/application/use-cases/cook-to-order/start-cook-to-order/start-cook-to-order.ts
FN:15,(anonymous_0)
FN:25,(anonymous_1)
FNF:2
FNH:2
FNDA:1,(anonymous_0)
FNDA:2,(anonymous_1)
DA:14,1
DA:16,1
DA:18,1
DA:20,1
DA:22,1
DA:26,2
DA:27,2
DA:29,2
DA:30,2
DA:31,1
DA:32,1
DA:35,1
DA:37,1
DA:38,1
DA:40,1
DA:45,1
DA:47,1
DA:48,1
LF:18
LH:18
BRDA:30,0,0,1
BRDA:30,0,1,1
BRF:2
BRH:2
end_of_record
TN:
SF:src/domain/errors.ts
FN:2,(anonymous_0)
FN:12,(anonymous_1)
FN:18,(anonymous_2)
FN:24,(anonymous_3)
FN:30,(anonymous_4)
FN:40,(anonymous_5)
FN:46,(anonymous_6)
FNF:7
FNH:3
FNDA:12,(anonymous_0)
FNDA:0,(anonymous_1)
FNDA:2,(anonymous_2)
FNDA:0,(anonymous_3)
FNDA:0,(anonymous_4)
FNDA:0,(anonymous_5)
FNDA:10,(anonymous_6)
DA:3,12
DA:4,12
DA:5,12
DA:7,12
DA:13,0
DA:19,2
DA:25,0
DA:32,0
DA:34,0
DA:35,0
DA:41,0
DA:47,10
LF:12
LH:6
BRDA:3,0,0,12
BRDA:4,1,0,12
BRDA:5,2,0,12
BRDA:12,3,0,0
BRDA:18,4,0,2
BRDA:24,5,0,0
BRDA:40,6,0,0
BRDA:46,7,0,10
BRF:8
BRH:5
end_of_record
TN:
SF:src/domain/entities/cook-to-order.entity.ts
FN:23,(anonymous_0)
FN:31,(anonymous_1)
FN:36,(anonymous_2)
FNF:3
FNH:3
FNDA:16,(anonymous_0)
FNDA:1,(anonymous_1)
FNDA:1,(anonymous_2)
DA:24,16
DA:25,16
DA:26,16
DA:27,16
DA:28,16
DA:32,1
DA:33,1
DA:37,1
DA:38,1
LF:9
LH:9
BRF:0
BRH:0
end_of_record
TN:
SF:src/domain/enum/cook-to-order-status.ts
FN:1,(anonymous_0)
FNF:1
FNH:1
FNDA:11,(anonymous_0)
DA:1,11
DA:2,11
DA:3,11
DA:4,11
LF:4
LH:4
BRDA:1,0,0,11
BRDA:1,0,1,11
BRF:2
BRH:2
end_of_record
TN:
SF:src/infrastructure/config/di/types.ts
FNF:0
FNH:0
DA:1,10
LF:1
LH:1
BRF:0
BRH:0
end_of_record
TN:
SF:src/infrastructure/repositories/dynamodb/dynamodb-find-active-cook-to-order.repository.ts
FN:16,(anonymous_0)
FN:21,(anonymous_1)
FN:42,(anonymous_2)
FNF:3
FNH:3
FNDA:1,(anonymous_0)
FNDA:4,(anonymous_1)
FNDA:1,(anonymous_2)
DA:15,1
DA:17,1
DA:18,1
DA:22,4
DA:23,4
DA:24,4
DA:33,4
DA:35,2
DA:36,1
DA:37,1
DA:40,1
DA:42,1
DA:44,2
DA:46,2
DA:47,2
LF:15
LH:15
BRDA:35,0,0,1
BRDA:35,0,1,1
BRDA:35,1,0,2
BRDA:35,1,1,2
BRDA:46,2,0,1
BRDA:46,2,1,1
BRF:6
BRH:6
end_of_record
TN:
SF:src/infrastructure/repositories/dynamodb/dynamodb-find-by-id-cook-to-order.repository.ts
FN:16,(anonymous_0)
FN:21,(anonymous_1)
FNF:2
FNH:2
FNDA:1,(anonymous_0)
FNDA:4,(anonymous_1)
DA:15,1
DA:17,1
DA:18,1
DA:22,4
DA:23,4
DA:24,4
DA:29,4
DA:31,2
DA:32,1
DA:33,1
DA:36,1
DA:37,1
DA:39,2
DA:41,2
DA:42,2
LF:15
LH:15
BRDA:31,0,0,1
BRDA:31,0,1,1
BRDA:41,1,0,1
BRDA:41,1,1,1
BRF:4
BRH:4
end_of_record
TN:
SF:src/infrastructure/repositories/dynamodb/dynamodb-find-by-status-cook-to-order.repository.ts
FN:17,(anonymous_0)
FN:22,(anonymous_1)
FN:45,(anonymous_2)
FNF:3
FNH:3
FNDA:1,(anonymous_0)
FNDA:4,(anonymous_1)
FNDA:1,(anonymous_2)
DA:16,1
DA:18,1
DA:19,1
DA:23,4
DA:24,4
DA:25,4
DA:37,4
DA:39,2
DA:40,1
DA:41,1
DA:44,1
DA:45,1
DA:47,2
DA:49,2
DA:50,2
LF:15
LH:15
BRDA:39,0,0,1
BRDA:39,0,1,1
BRDA:39,1,0,2
BRDA:39,1,1,2
BRDA:49,2,0,1
BRDA:49,2,1,1
BRF:6
BRH:6
end_of_record
TN:
SF:src/infrastructure/repositories/dynamodb/dynamodb-put-cook-to-order.repository.ts
FN:14,(anonymous_0)
FN:19,(anonymous_1)
FNF:2
FNH:2
FNDA:1,(anonymous_0)
FNDA:3,(anonymous_1)
DA:13,1
DA:15,1
DA:16,1
DA:20,3
DA:21,3
DA:22,3
DA:26,3
DA:27,1
DA:29,2
DA:31,2
DA:32,2
LF:11
LH:11
BRDA:31,0,0,1
BRDA:31,0,1,1
BRF:2
BRH:2
end_of_record
TN:
SF:src/infrastructure/repositories/dynamodb/dynamodb-update-cook-to-order.repository.ts
FN:14,(anonymous_0)
FN:19,(anonymous_1)
FNF:2
FNH:2
FNDA:1,(anonymous_0)
FNDA:4,(anonymous_1)
DA:13,1
DA:15,1
DA:16,1
DA:20,4
DA:21,4
DA:22,4
DA:39,4
DA:40,2
DA:42,2
DA:44,2
DA:45,2
LF:11
LH:11
BRDA:35,0,0,4
BRDA:35,0,1,0
BRDA:44,1,0,1
BRDA:44,1,1,1
BRF:4
BRH:3
end_of_record
TN:
SF:src/infrastructure/repositories/dynamodb/mappers/cook-to-order.mapper.ts
FN:6,(anonymous_0)
FN:20,(anonymous_1)
FNF:2
FNH:2
FNDA:7,(anonymous_0)
FNDA:7,(anonymous_1)
DA:7,6
DA:8,1
DA:11,5
DA:21,5
DA:22,5
DA:24,5
LF:6
LH:6
BRDA:7,0,0,1
BRDA:7,0,1,5
BRDA:14,1,0,5
BRDA:14,1,1,1
BRF:4
BRH:4
end_of_record
TN:
SF:src/interfaces/controller/cook-to-order.controller.ts
FN:16,(anonymous_0)
FN:24,(anonymous_1)
FN:29,(anonymous_2)
FN:32,(anonymous_3)
FN:35,(anonymous_4)
FN:40,(anonymous_5)
FNF:6
FNH:6
FNDA:1,(anonymous_0)
FNDA:1,(anonymous_1)
FNDA:1,(anonymous_2)
FNDA:1,(anonymous_3)
FNDA:1,(anonymous_4)
FNDA:1,(anonymous_5)
DA:15,1
DA:17,1
DA:18,1
DA:19,1
DA:20,1
DA:21,1
DA:25,1
DA:26,1
DA:30,1
DA:31,1
DA:32,1
DA:36,1
DA:37,1
DA:41,1
DA:42,1
LF:15
LH:15
BRF:0
BRH:0
end_of_record
TN:
SF:src/interfaces/presenter/cook-to-order.presenter.ts
FN:5,(anonymous_0)
FNF:1
FNH:1
FNDA:1,(anonymous_0)
DA:6,1
LF:1
LH:1
BRF:0
BRH:0
end_of_record
